2001.04.08 11:45 A C:\Documents and Settings\Administrator\Desktop\ultranet\index.html <-- Ultranet lindseym /pub0/m/lindseym/public_html index.html
2001.04.08 11:45 A C:\Documents and Settings\Administrator\Desktop\ultranet\house.html <-- Ultranet lindseym /pub0/m/lindseym/public_html house.html
2001.04.08 11:45 A C:\Documents and Settings\Administrator\Desktop\ultranet\resume.html <-- Ultranet lindseym /pub0/m/lindseym/public_html resume.html
2001.04.08 11:46 A C:\Documents and Settings\Administrator\Desktop\ultranet\family.html <-- Ultranet lindseym /pub0/m/lindseym/public_html family.html
2001.04.08 11:48 A C:\Documents and Settings\Administrator\Desktop\ultranet\villa.html <-- Ultranet lindseym /pub0/m/lindseym/public_html villa.html
2001.04.08 11:49 A C:\Documents and Settings\Administrator\Desktop\ultranet\salvadori.html <-- Ultranet lindseym /pub0/m/lindseym/public_html salvadori.html
2001.04.08 12:14 A C:\Documents and Settings\Administrator\Desktop\ultranet\index.html --> ftp.ma.ultranet.com /pub0/m/lindseym/public_html index.html
2001.04.08 12:14 A C:\Documents and Settings\Administrator\Desktop\ultranet\larsson.html --> ftp.ma.ultranet.com /pub0/m/lindseym/public_html larsson.html
2001.04.08 12:15 A C:\Documents and Settings\Administrator\Desktop\ultranet\JimThorpe.jpg --> ftp.ma.ultranet.com /pub0/m/lindseym/public_html JimThorpe.jpg
2001.04.08 12:15 A C:\Documents and Settings\Administrator\Desktop\ultranet\horse.jpg --> ftp.ma.ultranet.com /pub0/m/lindseym/public_html horse.jpg
2001.04.08 12:16 A C:\Documents and Settings\Administrator\Desktop\ultranet\frog.jpg --> ftp.ma.ultranet.com /pub0/m/lindseym/public_html frog.jpg
2001.04.08 12:16 A C:\Documents and Settings\Administrator\Desktop\ultranet\AndiErnst.jpg --> ftp.ma.ultranet.com /pub0/m/lindseym/public_html AndiErnst.jpg
2001.04.08 12:23 B C:\Documents and Settings\Administrator\Desktop\ultranet\AndiErnst.jpg --> ftp.ma.ultranet.com /pub0/m/lindseym/public_html AndiErnst.jpg
2001.04.08 12:24 A C:\Documents and Settings\Administrator\Desktop\ultranet\index.html --> ftp.ma.ultranet.com /pub0/m/lindseym/public_html index.html
2001.04.08 12:24 A C:\Documents and Settings\Administrator\Desktop\ultranet\larsson.html --> ftp.ma.ultranet.com /pub0/m/lindseym/public_html larsson.html
2001.04.08 12:25 A C:\Documents and Settings\Administrator\Desktop\ultranet\index.html --> ftp.ma.ultranet.com /pub0/m/lindseym/public_html index.html
2001.04.08 12:27 A C:\Documents and Settings\Administrator\Desktop\ultranet\index.html --> ftp.ma.ultranet.com /pub0/m/lindseym/public_html index.html
2001.07.08 22:09 B C:\Documents and Settings\Administrator\Desktop\ultranet\OrchidsHome.jpg --> ftp.ma.ultranet.com /pub0/m/lindseym/public_html OrchidsHome.jpg
2001.07.08 22:10 A C:\Documents and Settings\Administrator\Desktop\ultranet\orchids.html --> ftp.ma.ultranet.com /pub0/m/lindseym/public_html orchids.html
2001.07.08 22:10 A C:\Documents and Settings\Administrator\Desktop\ultranet\index.html --> ftp.ma.ultranet.com /pub0/m/lindseym/public_html index.html
2001.08.19 18:30 A C:\Documents and Settings\Administrator\Desktop\ultranet\resume.html <-- Ultranet lindseym /pub0/m/lindseym/public_html resume.html
2001.12.24 11:18 A H:\ultranet\index.html --> ftp.ma.ultranet.com /pub0/m/lindseym/public_html index.html
2001.12.24 11:19 A H:\ultranet\index.html --> ftp.ma.ultranet.com /pub0/m/lindseym/public_html index.html
2001.12.24 11:21 A H:\ultranet\index.html --> ftp.ma.ultranet.com /pub0/m/lindseym/public_html index.html
2001.12.24 11:22 A H:\ultranet\index.html --> ftp.ma.ultranet.com /pub0/m/lindseym/public_html index.html
2001.12.24 11:24 A H:\ultranet\index.html --> ftp.ma.ultranet.com /pub0/m/lindseym/public_html index.html
2001.12.24 11:26 A H:\ultranet\index.html --> ftp.ma.ultranet.com /pub0/m/lindseym/public_html index.html
2001.12.24 11:27 A H:\ultranet\index.html --> ftp.ma.ultranet.com /pub0/m/lindseym/public_html index.html
2001.12.24 11:27 A H:\ultranet\index.html --> ftp.ma.ultranet.com /pub0/m/lindseym/public_html index.html
2001.12.24 11:28 A H:\ultranet\villa.html <-- Ultranet lindseym /pub0/m/lindseym/public_html villa.html
2001.12.24 11:29 A H:\ultranet\villa.html --> ftp.ma.ultranet.com /pub0/m/lindseym/public_html villa.html
2001.12.24 11:30 A H:\ultranet\villa.html --> ftp.ma.ultranet.com /pub0/m/lindseym/public_html villa.html
2001.12.24 11:35 B H:\ultranet\Thanksgiving2001Kids.JPG --> ftp.ma.ultranet.com /pub0/m/lindseym/public_html Thanksgiving2001Kids.JPG
2001.12.24 11:36 A H:\ultranet\family.html <-- Ultranet lindseym /pub0/m/lindseym/public_html family.html
2001.12.24 11:36 A H:\ultranet\family2.html <-- Ultranet lindseym /pub0/m/lindseym/public_html family2.html
2001.12.24 11:38 A H:\ultranet\family2.html --> ftp.ma.ultranet.com /pub0/m/lindseym/public_html family2.html
2001.12.24 11:45 A H:\ultranet\family2.html --> ftp.ma.ultranet.com /pub0/m/lindseym/public_html family2.html
2001.12.24 11:50 A H:\ultranet\family.html --> ftp.ma.ultranet.com /pub0/m/lindseym/public_html family.html
2001.12.24 11:51 A H:\ultranet\family.html --> ftp.ma.ultranet.com /pub0/m/lindseym/public_html family.html
2001.12.24 12:26 A H:\ultranet\index.html --> ftp.ma.ultranet.com /pub0/m/lindseym index.html
2001.12.24 12:31 A H:\ultranet\index.html --> ftp.ma.ultranet.com /pub0/m/lindseym/public_html index.html
2001.12.24 12:32 A H:\ultranet\index.html --> ftp.ma.ultranet.com /pub0/m/lindseym/public_html index.html
2002.05.15 22:19 B d:\ultranet\alessandro-8months.gif --> ftp.ma.ultranet.com /pub0/m/lindseym/public_html alessandro-8months.gif
2002.05.15 22:19 B d:\ultranet\alessandro-5months.gif --> ftp.ma.ultranet.com /pub0/m/lindseym/public_html alessandro-5months.gif
2002.05.15 22:19 B d:\ultranet\alessandro-2months.gif --> ftp.ma.ultranet.com /pub0/m/lindseym/public_html alessandro-2months.gif
2002.05.15 22:20 B d:\ultranet\index.html --> ftp.ma.ultranet.com /pub0/m/lindseym/public_html index.html
2002.06.20 14:57 A d:\ultranet\index.html --> ftp.ma.ultranet.com /pub0/m/lindseym/public_html index.html
2002.06.20 15:50 B d:\ultranet\ale1.jpg --> ftp.ma.ultranet.com /pub0/m/lindseym ale1.jpg
2002.06.20 15:51 B d:\ultranet\andi_pregnant.jpg --> ftp.ma.ultranet.com /pub0/m/lindseym andi_pregnant.jpg
2002.06.20 15:51 B d:\ultranet\ale_matt.jpg --> ftp.ma.ultranet.com /pub0/m/lindseym ale_matt.jpg
2002.06.20 15:52 B d:\ultranet\andi_pregnant.jpg --> ftp.ma.ultranet.com /pub0/m/lindseym andi_pregnant.jpg
2002.06.20 15:53 B d:\ultranet\ale_matt.jpg --> ftp.ma.ultranet.com /pub0/m/lindseym ale_matt.jpg
2002.06.20 15:54 B d:\ultranet\ale1.jpg --> ftp.ma.ultranet.com /pub0/m/lindseym ale1.jpg
2002.06.20 16:03 B d:\ultranet\ale1.jpg --> ftp.ma.ultranet.com /pub0/m/lindseym ale1.jpg
2002.06.20 16:14 B d:\ultranet\ale2.jpg --> ftp.ma.ultranet.com /pub0/m/lindseym/public_html ale2.jpg
2002.06.20 16:15 A d:\ultranet\index.html --> ftp.ma.ultranet.com /pub0/m/lindseym/public_html index.html
2002.06.20 16:19 B d:\ultranet\ale3.jpg --> ftp.ma.ultranet.com /pub0/m/lindseym/public_html ale3.jpg
2002.06.20 16:19 A d:\ultranet\index.html --> ftp.ma.ultranet.com /pub0/m/lindseym/public_html index.html
2002.06.20 16:19 A d:\ultranet\index.html --> ftp.ma.ultranet.com /pub0/m/lindseym/public_html index.html
2002.06.20 16:21 B d:\ultranet\ale3.jpg --> ftp.ma.ultranet.com /pub0/m/lindseym/public_html ale3.jpg
2002.06.20 16:41 A D:\ultranet\index.html --> ftp.ma.ultranet.com /pub0/m/lindseym/public_html index.html
2002.06.20 16:43 A D:\ultranet\index.html --> ftp.ma.ultranet.com /pub0/m/lindseym/public_html index.html
2002.06.20 16:44 A D:\ultranet\index.html --> ftp.ma.ultranet.com /pub0/m/lindseym/public_html index.html
2002.06.20 16:46 A D:\ultranet\index.html --> ftp.ma.ultranet.com /pub0/m/lindseym/public_html index.html
2002.06.20 19:14 A D:\ultranet\index.html --> ftp.ma.ultranet.com /pub0/m/lindseym/public_html index.html
2002.06.21 17:54 A d:\ultranet\index.html --> ftp.ma.ultranet.com /pub0/m/lindseym/public_html index.html
2002.07.07 17:02 A H:\ultranet\salvadori.html <-- Ultranet lindseym /pub0/m/lindseym/public_html salvadori.html
2002.07.28 13:13 A H:\ultranet\index.html --> ftp.ma.ultranet.com /pub0/m/lindseym/public_html index.html
2002.07.28 13:18 A H:\ultranet\index.html --> ftp.rcn.com / index.html
2002.07.28 13:31 A H:\ultranet\index.html --> ftp.rcn.com / index.html
2002.07.28 13:47 A H:\ultranet\index.html --> ftp.rcn.com / index.html
2002.07.28 13:51 B H:\ultranet\index.html --> ftp.rcn.com / index.html
2002.07.28 14:07 A H:\ultranet\index.html --> ftp.rcn.com / index.html
2002.07.28 14:20 A H:\ultranet\index.html --> ftp.rcn.com / index.html
2002.07.28 14:20 A H:\ultranet\ale4_big.html --> ftp.rcn.com / ale4_big.html
2002.07.28 14:33 A H:\ultranet\index.html --> ftp.rcn.com / index.html
2002.07.28 14:34 A H:\ultranet\ale_ric1.html --> ftp.rcn.com / ale_ric1.html
2002.07.28 14:34 A H:\ultranet\ale_and_papa.html --> ftp.rcn.com / ale_and_papa.html
2002.07.28 14:40 A H:\ultranet\alessandro.html --> ftp.rcn.com / alessandro.html
2002.07.28 14:41 A H:\ultranet\index.html --> ftp.rcn.com / index.html
2002.07.28 14:42 A H:\ultranet\index.html --> ftp.rcn.com / index.html
2002.07.28 14:42 A H:\ultranet\index.html --> ftp.rcn.com / index.html
2002.07.28 14:43 A H:\ultranet\index.html --> ftp.rcn.com / index.html
2002.07.28 14:44 A H:\ultranet\index.html --> ftp.rcn.com / index.html
2002.07.28 14:46 A H:\ultranet\index.html --> ftp.rcn.com / index.html
2003.06.01 19:36 B C:\Documents and Settings\Matt\My Documents\ultranet\49rock.jpg --> ftpmysite.verizon.net / 49rock.jpg
2003.06.01 19:37 B C:\Documents and Settings\Matt\My Documents\ultranet\al_zio.jpg --> ftpmysite.verizon.net / al_zio.jpg
2003.06.01 19:37 B C:\Documents and Settings\Matt\My Documents\ultranet\al_zio.tif --> ftpmysite.verizon.net / al_zio.tif
2003.06.01 19:37 B C:\Documents and Settings\Matt\My Documents\ultranet\ale1.jpg --> ftpmysite.verizon.net / ale1.jpg
2003.06.01 19:37 B C:\Documents and Settings\Matt\My Documents\ultranet\ale2.jpg --> ftpmysite.verizon.net / ale2.jpg
2003.06.01 19:38 B C:\Documents and Settings\Matt\My Documents\ultranet\ale3.jpg --> ftpmysite.verizon.net / ale3.jpg
2003.06.01 19:38 B C:\Documents and Settings\Matt\My Documents\ultranet\ale4_big.html --> ftpmysite.verizon.net / ale4_big.html
2003.06.01 19:38 B C:\Documents and Settings\Matt\My Documents\ultranet\ale_and_papa.html --> ftpmysite.verizon.net / ale_and_papa.html
2003.06.01 19:38 B C:\Documents and Settings\Matt\My Documents\ultranet\ale_matt.jpg --> ftpmysite.verizon.net / ale_matt.jpg
2003.06.01 19:38 B C:\Documents and Settings\Matt\My Documents\ultranet\ale_ric1.html --> ftpmysite.verizon.net / ale_ric1.html
2003.06.01 19:38 B C:\Documents and Settings\Matt\My Documents\ultranet\alessandro-2months.gif --> ftpmysite.verizon.net / alessandro-2months.gif
2003.06.01 19:38 B C:\Documents and Settings\Matt\My Documents\ultranet\alessandro-5months.gif --> ftpmysite.verizon.net / alessandro-5months.gif
2003.06.01 19:38 B C:\Documents and Settings\Matt\My Documents\ultranet\alessandro-8months.gif --> ftpmysite.verizon.net / alessandro-8months.gif
2003.06.01 19:38 B C:\Documents and Settings\Matt\My Documents\ultranet\alessandro.html --> ftpmysite.verizon.net / alessandro.html
2003.06.01 19:38 B C:\Documents and Settings\Matt\My Documents\ultranet\alexs.jpg --> ftpmysite.verizon.net / alexs.jpg
2003.06.01 19:39 B C:\Documents and Settings\Matt\My Documents\ultranet\alexs.tif --> ftpmysite.verizon.net / alexs.tif
2003.06.01 19:40 B C:\Documents and Settings\Matt\My Documents\ultranet\america.tif --> ftpmysite.verizon.net / america.tif
2003.06.01 19:40 B C:\Documents and Settings\Matt\My Documents\ultranet\andi.jpg --> ftpmysite.verizon.net / andi.jpg
2003.06.01 19:41 B C:\Documents and Settings\Matt\My Documents\ultranet\andi.tif --> ftpmysite.verizon.net / andi.tif
2003.06.01 19:41 B C:\Documents and Settings\Matt\My Documents\ultranet\andi_pregnant.jpg --> ftpmysite.verizon.net / andi_pregnant.jpg
2003.06.01 19:41 B C:\Documents and Settings\Matt\My Documents\ultranet\andi_wed.jpg --> ftpmysite.verizon.net / andi_wed.jpg
2003.06.01 19:41 B C:\Documents and Settings\Matt\My Documents\ultranet\AndiErnst.jpg --> ftpmysite.verizon.net / AndiErnst.jpg
2003.06.01 19:41 B C:\Documents and Settings\Matt\My Documents\ultranet\brt_mus1.tif --> ftpmysite.verizon.net / brt_mus1.tif
2003.06.01 19:42 B C:\Documents and Settings\Matt\My Documents\ultranet\carlosv.jpg --> ftpmysite.verizon.net / carlosv.jpg
2003.06.01 19:43 B C:\Documents and Settings\Matt\My Documents\ultranet\carlosv.tif --> ftpmysite.verizon.net / carlosv.tif
2003.06.01 19:43 B C:\Documents and Settings\Matt\My Documents\ultranet\chiesa.tif --> ftpmysite.verizon.net / chiesa.tif
2003.06.01 19:43 B C:\Documents and Settings\Matt\My Documents\ultranet\church.jpg --> ftpmysite.verizon.net / church.jpg
2003.06.01 19:43 B C:\Documents and Settings\Matt\My Documents\ultranet\church.tif --> ftpmysite.verizon.net / church.tif
2003.06.01 19:45 B C:\Documents and Settings\Matt\My Documents\ultranet\clemency.tif --> ftpmysite.verizon.net / clemency.tif
2003.06.01 19:46 B C:\Documents and Settings\Matt\My Documents\ultranet\david_gol.tif --> ftpmysite.verizon.net / david_gol.tif
2003.06.01 19:46 B C:\Documents and Settings\Matt\My Documents\ultranet\door.jpg --> ftpmysite.verizon.net / door.jpg
2003.06.01 19:48 B C:\Documents and Settings\Matt\My Documents\ultranet\door.tif --> ftpmysite.verizon.net / door.tif
2003.06.01 19:50 B C:\Documents and Settings\Matt\My Documents\ultranet\family.html --> ftpmysite.verizon.net / family.html
2003.06.01 19:50 B C:\Documents and Settings\Matt\My Documents\ultranet\family2.bak --> ftpmysite.verizon.net / family2.bak
2003.06.01 19:50 B C:\Documents and Settings\Matt\My Documents\ultranet\family2.html --> ftpmysite.verizon.net / family2.html
2003.06.01 19:50 B C:\Documents and Settings\Matt\My Documents\ultranet\frog.jpg --> ftpmysite.verizon.net / frog.jpg
2003.06.01 19:50 B C:\Documents and Settings\Matt\My Documents\ultranet\from_air.gif --> ftpmysite.verizon.net / from_air.gif
2003.06.01 19:50 B C:\Documents and Settings\Matt\My Documents\ultranet\from_air.jpg --> ftpmysite.verizon.net / from_air.jpg
2003.06.01 19:51 B C:\Documents and Settings\Matt\My Documents\ultranet\from_air.tif --> ftpmysite.verizon.net / from_air.tif
2003.06.01 19:51 B C:\Documents and Settings\Matt\My Documents\ultranet\from_air_behind.tif --> ftpmysite.verizon.net / from_air_behind.tif
2003.06.01 19:51 B C:\Documents and Settings\Matt\My Documents\ultranet\from_north.jpg --> ftpmysite.verizon.net / from_north.jpg
2003.06.01 19:52 B C:\Documents and Settings\Matt\My Documents\ultranet\from_north.tif --> ftpmysite.verizon.net / from_north.tif
2003.06.01 19:52 B C:\Documents and Settings\Matt\My Documents\ultranet\fruit.jpg --> ftpmysite.verizon.net / fruit.jpg
2003.06.01 19:52 B C:\Documents and Settings\Matt\My Documents\ultranet\fruit.tif --> ftpmysite.verizon.net / fruit.tif
2003.06.01 19:53 B C:\Documents and Settings\Matt\My Documents\ultranet\horse.jpg --> ftpmysite.verizon.net / horse.jpg
2003.06.01 19:53 B C:\Documents and Settings\Matt\My Documents\ultranet\house.htm --> ftpmysite.verizon.net / house.htm
2003.06.01 19:53 B C:\Documents and Settings\Matt\My Documents\ultranet\house.html --> ftpmysite.verizon.net / house.html
2003.06.01 19:53 B C:\Documents and Settings\Matt\My Documents\ultranet\index.bak --> ftpmysite.verizon.net / index.bak
2003.06.01 19:53 B C:\Documents and Settings\Matt\My Documents\ultranet\index.html --> ftpmysite.verizon.net / index.html
2003.06.01 19:53 B C:\Documents and Settings\Matt\My Documents\ultranet\index_old.html --> ftpmysite.verizon.net / index_old.html
2003.06.01 19:53 B C:\Documents and Settings\Matt\My Documents\ultranet\JimThorpe.jpg --> ftpmysite.verizon.net / JimThorpe.jpg
2003.06.01 19:53 B C:\Documents and Settings\Matt\My Documents\ultranet\kamora.jpg --> ftpmysite.verizon.net / kamora.jpg
2003.06.01 19:53 B C:\Documents and Settings\Matt\My Documents\ultranet\kamora.tif --> ftpmysite.verizon.net / kamora.tif
2003.06.01 19:53 B C:\Documents and Settings\Matt\My Documents\ultranet\larsson.bak --> ftpmysite.verizon.net / larsson.bak
2003.06.01 19:53 B C:\Documents and Settings\Matt\My Documents\ultranet\larsson.html --> ftpmysite.verizon.net / larsson.html
2003.06.01 19:53 B C:\Documents and Settings\Matt\My Documents\ultranet\larsson.jpg --> ftpmysite.verizon.net / larsson.jpg
2003.06.01 19:54 B C:\Documents and Settings\Matt\My Documents\ultranet\larsson.tif --> ftpmysite.verizon.net / larsson.tif
2003.06.01 19:54 B C:\Documents and Settings\Matt\My Documents\ultranet\margone_trento.jpg --> ftpmysite.verizon.net / margone_trento.jpg
2003.06.01 19:55 B C:\Documents and Settings\Matt\My Documents\ultranet\margone_trento.tif --> ftpmysite.verizon.net / margone_trento.tif
2003.06.01 19:55 B C:\Documents and Settings\Matt\My Documents\ultranet\orchids.html --> ftpmysite.verizon.net / orchids.html
2003.06.01 19:55 B C:\Documents and Settings\Matt\My Documents\ultranet\OrchidsHome.jpg --> ftpmysite.verizon.net / OrchidsHome.jpg
2003.06.01 19:57 B C:\Documents and Settings\Matt\My Documents\ultranet\pavia.tif --> ftpmysite.verizon.net / pavia.tif
2003.06.01 19:57 B C:\Documents and Settings\Matt\My Documents\ultranet\resume.bak --> ftpmysite.verizon.net / resume.bak
2003.06.01 19:57 B C:\Documents and Settings\Matt\My Documents\ultranet\resume.html --> ftpmysite.verizon.net / resume.html
2003.06.01 19:57 B C:\Documents and Settings\Matt\My Documents\ultranet\salvadori.html --> ftpmysite.verizon.net / salvadori.html
2003.06.01 19:57 B C:\Documents and Settings\Matt\My Documents\ultranet\salvadori.jpg --> ftpmysite.verizon.net / salvadori.jpg
2003.06.01 19:57 B C:\Documents and Settings\Matt\My Documents\ultranet\salvadori.tif --> ftpmysite.verizon.net / salvadori.tif
2003.06.01 19:57 B C:\Documents and Settings\Matt\My Documents\ultranet\table.jpg --> ftpmysite.verizon.net / table.jpg
2003.06.01 19:58 B C:\Documents and Settings\Matt\My Documents\ultranet\table.tif --> ftpmysite.verizon.net / table.tif
2003.06.01 19:58 B C:\Documents and Settings\Matt\My Documents\ultranet\Thanksgiving2001Kids.JPG --> ftpmysite.verizon.net / Thanksgiving2001Kids.JPG
2003.06.01 19:59 B C:\Documents and Settings\Matt\My Documents\ultranet\Thumbs.db --> ftpmysite.verizon.net / Thumbs.db
2003.06.01 19:59 B C:\Documents and Settings\Matt\My Documents\ultranet\val_matt.jpg --> ftpmysite.verizon.net / val_matt.jpg
2003.06.01 19:59 B C:\Documents and Settings\Matt\My Documents\ultranet\villa.html --> ftpmysite.verizon.net / villa.html
2003.06.01 19:59 B C:\Documents and Settings\Matt\My Documents\ultranet\wedd1.jpg --> ftpmysite.verizon.net / wedd1.jpg
2003.06.01 20:00 B C:\Documents and Settings\Matt\My Documents\ultranet\wedd1.tif --> ftpmysite.verizon.net / wedd1.tif
2003.06.01 20:00 B C:\Documents and Settings\Matt\My Documents\ultranet\wedd2.jpg --> ftpmysite.verizon.net / wedd2.jpg
2003.06.01 20:01 B C:\Documents and Settings\Matt\My Documents\ultranet\wedd2.tif --> ftpmysite.verizon.net / wedd2.tif
2003.06.01 20:01 B C:\Documents and Settings\Matt\My Documents\ultranet\wedding.html --> ftpmysite.verizon.net / wedding.html
2003.06.01 20:01 B C:\Documents and Settings\Matt\My Documents\ultranet\WS_FTP.LOG --> ftpmysite.verizon.net / WS_FTP.LOG
2003.06.01 20:01 B C:\Documents and Settings\Matt\My Documents\ultranet\zio.jpg --> ftpmysite.verizon.net / zio.jpg
2003.06.01 20:01 B C:\Documents and Settings\Matt\My Documents\ultranet\zio.tif --> ftpmysite.verizon.net / zio.tif
2003.06.01 20:58 B C:\Documents and Settings\Matt\My Documents\ultranet\salvadori.jpg --> ftpmysite.verizon.net / salvadori.jpg
2003.06.01 20:58 B C:\Documents and Settings\Matt\My Documents\ultranet\table.jpg --> ftpmysite.verizon.net / table.jpg
2003.06.01 20:58 B C:\Documents and Settings\Matt\My Documents\ultranet\Thanksgiving2001Kids.JPG --> ftpmysite.verizon.net / Thanksgiving2001Kids.JPG
2003.06.01 20:59 B C:\Documents and Settings\Matt\My Documents\ultranet\Thumbs.db --> ftpmysite.verizon.net / Thumbs.db
2003.06.01 20:59 B C:\Documents and Settings\Matt\My Documents\ultranet\val_matt.jpg --> ftpmysite.verizon.net / val_matt.jpg
2003.06.01 20:59 B C:\Documents and Settings\Matt\My Documents\ultranet\villa.html --> ftpmysite.verizon.net / villa.html
2003.06.01 20:59 B C:\Documents and Settings\Matt\My Documents\ultranet\wedd1.jpg --> ftpmysite.verizon.net / wedd1.jpg
2003.06.01 20:59 B C:\Documents and Settings\Matt\My Documents\ultranet\wedd2.jpg --> ftpmysite.verizon.net / wedd2.jpg
2003.06.01 21:01 B C:\Documents and Settings\Matt\My Documents\ultranet\wedding.html --> ftpmysite.verizon.net / wedding.html
2003.06.01 21:15 B C:\Documents and Settings\Matt\My Documents\ultranet\ale_and_papa.jpg <-- ultranet / ale_and_papa.jpg
2003.06.01 21:15 B C:\Documents and Settings\Matt\My Documents\ultranet\ale_and_papa_big.jpg <-- ultranet / ale_and_papa_big.jpg
2003.06.01 21:16 B C:\Documents and Settings\Matt\My Documents\ultranet\ale_ric1.jpg <-- ultranet / ale_ric1.jpg
2003.06.01 21:16 B C:\Documents and Settings\Matt\My Documents\ultranet\dining.jpg <-- ultranet / dining.jpg
2003.06.01 21:17 B C:\Documents and Settings\Matt\My Documents\ultranet\living.jpg <-- ultranet / living.jpg
2003.06.01 21:17 B C:\Documents and Settings\Matt\My Documents\ultranet\matt.gif <-- ultranet / matt.gif
2003.06.01 21:17 B C:\Documents and Settings\Matt\My Documents\ultranet\matt.jpg <-- ultranet / matt.jpg
2003.06.01 21:18 B C:\Documents and Settings\Matt\My Documents\ultranet\side.jpg <-- ultranet / side.jpg
2003.06.01 21:23 B C:\Documents and Settings\Matt\My Documents\ultranet\ale_and_papa.jpg --> ftpmysite.verizon.net / ale_and_papa.jpg
2003.06.01 21:24 B C:\Documents and Settings\Matt\My Documents\ultranet\ale_ric1.jpg --> ftpmysite.verizon.net / ale_ric1.jpg
2003.06.01 21:25 B C:\Documents and Settings\Matt\My Documents\ultranet\dining.jpg --> ftpmysite.verizon.net / dining.jpg
2003.06.02 21:19 B C:\Documents and Settings\Matt\My Documents\ultranet\matt.jpg --> ftpmysite.verizon.net / matt.jpg
2003.06.02 21:20 B C:\Documents and Settings\Matt\My Documents\ultranet\kamora.jpg --> ftpmysite.verizon.net / kamora.jpg
2003.06.02 21:22 B C:\Documents and Settings\Matt\My Documents\ultranet\OrchidsHome.jpg --> ftpmysite.verizon.net / OrchidsHome.jpg
2003.06.02 21:24 B C:\Documents and Settings\Matt\My Documents\ultranet\margone_trento.jpg --> ftpmysite.verizon.net / margone_trento.jpg
2003.06.02 21:24 B C:\Documents and Settings\Matt\My Documents\ultranet\zio.jpg --> ftpmysite.verizon.net / zio.jpg
2003.06.02 21:25 A C:\Documents and Settings\Matt\My Documents\ultranet\wedding.html --> ftpmysite.verizon.net / wedding.html
2003.06.02 22:01 A C:\Documents and Settings\Matt\My Documents\ultranet\index.html --> ftp.rcn.com / index.html
2003.06.02 22:01 A C:\Documents and Settings\Matt\My Documents\ultranet\Tuscany.html <-- ultranet / Tuscany.html
2003.06.02 22:02 A C:\Documents and Settings\Matt\My Documents\ultranet\index1.html --> ftp.rcn.com / index1.html
2003.06.02 22:06 A C:\Documents and Settings\Matt\My Documents\ultranet\index1.html --> ftp.rcn.com / index1.html
2003.06.02 22:08 A C:\Documents and Settings\Matt\My Documents\ultranet\Tuscany.html --> ftpmysite.verizon.net / Tuscany.html
2003.06.02 22:12 B C:\Documents and Settings\Matt\My Documents\ultranet\larsson.jpg --> ftpmysite.verizon.net / larsson.jpg
2003.06.02 22:13 A C:\Documents and Settings\Matt\My Documents\ultranet\index.html --> ftpmysite.verizon.net / index.html
2003.06.02 22:14 B C:\Documents and Settings\Matt\My Documents\ultranet\alessandro.jpg --> ftpmysite.verizon.net / alessandro.jpg
2003.06.02 22:15 B C:\Documents and Settings\Matt\My Documents\ultranet\green_bean.jpg --> ftpmysite.verizon.net / green_bean.jpg
2003.06.02 22:16 A C:\Documents and Settings\Matt\My Documents\ultranet\index.html --> ftpmysite.verizon.net / index.html
2003.08.02 15:40 A C:\Documents and Settings\Matt\My Documents\ultranet\index.html <-- Verizon / index.html
2003.08.02 15:43 A C:\Documents and Settings\Matt\My Documents\ultranet\index.html --> ftpmysite.verizon.net / index.html
2003.08.02 15:44 A C:\Documents and Settings\Matt\My Documents\ultranet\index.html --> ftpmysite.verizon.net / index.html
2003.08.02 15:45 A C:\Documents and Settings\Matt\My Documents\ultranet\index.html --> ftpmysite.verizon.net / index.html
2003.08.02 15:46 A C:\Documents and Settings\Matt\My Documents\ultranet\index.html --> ftpmysite.verizon.net / index.html
2003.08.02 15:47 A C:\Documents and Settings\Matt\My Documents\ultranet\index.html --> ftpmysite.verizon.net / index.html
2004.03.21 19:45 A C:\Documents and Settings\Matt\My Documents\Lindsey Web Site\index.html --> ftpmysite.verizon.net / index.html
2004.03.21 20:07 B C:\Documents and Settings\Matt\My Documents\Lindsey Web Site\AleChristmasMargone2003.JPG --> ftpmysite.verizon.net / AleChristmasMargone2003.JPG
2004.03.21 20:07 A C:\Documents and Settings\Matt\My Documents\Lindsey Web Site\index.html --> ftpmysite.verizon.net / index.html
2004.11.04 16:14 B C:\Documents and Settings\Matt\My Documents\Lindsey Web Site\Caterina.JPG --> ftpmysite.verizon.net / Caterina.JPG
2004.11.04 16:14 B C:\Documents and Settings\Matt\My Documents\Lindsey Web Site\AleHalloween.JPG --> ftpmysite.verizon.net / AleHalloween.JPG
2004.11.04 16:14 A C:\Documents and Settings\Matt\My Documents\Lindsey Web Site\index.html --> ftpmysite.verizon.net / index.html
2004.11.04 16:14 A C:\Documents and Settings\Matt\My Documents\Lindsey Web Site\poetry.html --> ftpmysite.verizon.net / poetry.html
2004.11.04 16:20 A C:\Documents and Settings\Matt\My Documents\Lindsey Web Site\index.html --> ftpmysite.verizon.net / index.html
2005.12.30 11:19 A C:\Documents and Settings\Matt\My Documents\Lindsey Web Site\index.html --> ftpmysite.verizon.net / index.html
2005.12.30 11:29 B C:\Documents and Settings\Matt\My Documents\Lindsey Web Site\christmas_2005.JPG --> ftpmysite.verizon.net / christmas_2005.JPG
2005.12.31 16:54 B C:\Documents and Settings\Matt\My Documents\Lindsey Web Site\christmas_2005.JPG --> ftpmysite.verizon.net / christmas_2005.JPG
2007.04.04 17:34 B C:\Documents and Settings\Matt\My Documents\Lindsey Web Site\49rock.jpg --> ftpmysite.verizon.net / 49rock.jpg
2007.04.04 17:35 B C:\Documents and Settings\Matt\My Documents\Lindsey Web Site\al_zio.jpg --> ftpmysite.verizon.net / al_zio.jpg
2007.04.04 17:35 B C:\Documents and Settings\Matt\My Documents\Lindsey Web Site\al_zio.tif --> ftpmysite.verizon.net / al_zio.tif
2007.04.04 17:35 B C:\Documents and Settings\Matt\My Documents\Lindsey Web Site\ale.JPG --> ftpmysite.verizon.net / ale.JPG
2007.04.04 17:35 B C:\Documents and Settings\Matt\My Documents\Lindsey Web Site\ale1.jpg --> ftpmysite.verizon.net / ale1.jpg
2007.04.04 17:35 B C:\Documents and Settings\Matt\My Documents\Lindsey Web Site\ale2.jpg --> ftpmysite.verizon.net / ale2.jpg
2007.04.04 17:36 B C:\Documents and Settings\Matt\My Documents\Lindsey Web Site\ale3.jpg --> ftpmysite.verizon.net / ale3.jpg
2007.04.04 17:38 B C:\Documents and Settings\Matt\My Documents\Lindsey Web Site\ale4_big.html --> ftpmysite.verizon.net / ale4_big.html
2007.04.04 17:44 B C:\Documents and Settings\Matt\My Documents\Lindsey Web Site\ale4_big.html --> ftpmysite.verizon.net / ale4_big.html
2007.04.04 17:44 B C:\Documents and Settings\Matt\My Documents\Lindsey Web Site\ale_and_papa.html --> ftpmysite.verizon.net / ale_and_papa.html
2007.04.04 17:44 B C:\Documents and Settings\Matt\My Documents\Lindsey Web Site\ale_and_papa.jpg --> ftpmysite.verizon.net / ale_and_papa.jpg
2007.04.04 17:44 B C:\Documents and Settings\Matt\My Documents\Lindsey Web Site\ale_and_papa_big.jpg --> ftpmysite.verizon.net / ale_and_papa_big.jpg
2007.04.04 17:44 B C:\Documents and Settings\Matt\My Documents\Lindsey Web Site\ale_matt.jpg --> ftpmysite.verizon.net / ale_matt.jpg
2007.04.04 17:44 B C:\Documents and Settings\Matt\My Documents\Lindsey Web Site\ale_ric1.html --> ftpmysite.verizon.net / ale_ric1.html
2007.04.04 17:44 B C:\Documents and Settings\Matt\My Documents\Lindsey Web Site\ale_ric1.jpg --> ftpmysite.verizon.net / ale_ric1.jpg
2007.04.04 17:44 B C:\Documents and Settings\Matt\My Documents\Lindsey Web Site\AleChristmas2003.JPG --> ftpmysite.verizon.net / AleChristmas2003.JPG
2007.04.04 17:45 B C:\Documents and Settings\Matt\My Documents\Lindsey Web Site\AleChristmasMargon.JPG --> ftpmysite.verizon.net / AleChristmasMargon.JPG
2007.04.04 17:45 B C:\Documents and Settings\Matt\My Documents\Lindsey Web Site\AleChristmasMargone.gif --> ftpmysite.verizon.net / AleChristmasMargone.gif
2007.04.04 17:45 B C:\Documents and Settings\Matt\My Documents\Lindsey Web Site\AleChristmasMargone.JPG --> ftpmysite.verizon.net / AleChristmasMargone.JPG
2007.04.04 17:45 B C:\Documents and Settings\Matt\My Documents\Lindsey Web Site\AleChristmasMargone2003.JPG --> ftpmysite.verizon.net / AleChristmasMargone2003.JPG
2007.04.04 17:45 B C:\Documents and Settings\Matt\My Documents\Lindsey Web Site\AleHalloween.JPG --> ftpmysite.verizon.net / AleHalloween.JPG
2007.04.04 17:45 B C:\Documents and Settings\Matt\My Documents\Lindsey Web Site\alessandro-2months.gif --> ftpmysite.verizon.net / alessandro-2months.gif
2007.04.04 17:46 B C:\Documents and Settings\Matt\My Documents\Lindsey Web Site\alessandro-5months.gif --> ftpmysite.verizon.net / alessandro-5months.gif
2007.04.04 17:46 B C:\Documents and Settings\Matt\My Documents\Lindsey Web Site\alessandro-8months.gif --> ftpmysite.verizon.net / alessandro-8months.gif
2007.04.04 17:46 B C:\Documents and Settings\Matt\My Documents\Lindsey Web Site\alessandro.html --> ftpmysite.verizon.net / alessandro.html
2007.04.04 17:46 B C:\Documents and Settings\Matt\My Documents\Lindsey Web Site\alessandro.jpg --> ftpmysite.verizon.net / alessandro.jpg
2007.04.04 17:46 B C:\Documents and Settings\Matt\My Documents\Lindsey Web Site\alexs.jpg --> ftpmysite.verizon.net / alexs.jpg
2007.04.04 17:46 B C:\Documents and Settings\Matt\My Documents\Lindsey Web Site\alexs.tif --> ftpmysite.verizon.net / alexs.tif
2007.04.04 17:47 B C:\Documents and Settings\Matt\My Documents\Lindsey Web Site\america.tif --> ftpmysite.verizon.net / america.tif
2007.04.04 17:47 B C:\Documents and Settings\Matt\My Documents\Lindsey Web Site\andi.jpg --> ftpmysite.verizon.net / andi.jpg
2007.04.04 17:47 B C:\Documents and Settings\Matt\My Documents\Lindsey Web Site\andi.tif --> ftpmysite.verizon.net / andi.tif
2007.04.04 17:47 B C:\Documents and Settings\Matt\My Documents\Lindsey Web Site\andi_pregnant.jpg --> ftpmysite.verizon.net / andi_pregnant.jpg
2007.04.04 17:48 B C:\Documents and Settings\Matt\My Documents\Lindsey Web Site\andi_wed.jpg --> ftpmysite.verizon.net / andi_wed.jpg
2007.04.04 17:48 B C:\Documents and Settings\Matt\My Documents\Lindsey Web Site\AndiErnst.jpg --> ftpmysite.verizon.net / AndiErnst.jpg
2007.04.04 17:48 B C:\Documents and Settings\Matt\My Documents\Lindsey Web Site\brt_mus1.tif --> ftpmysite.verizon.net / brt_mus1.tif
2007.04.04 17:48 B C:\Documents and Settings\Matt\My Documents\Lindsey Web Site\carlosv.jpg --> ftpmysite.verizon.net / carlosv.jpg
2007.04.04 17:49 B C:\Documents and Settings\Matt\My Documents\Lindsey Web Site\carlosv.tif --> ftpmysite.verizon.net / carlosv.tif
2007.04.04 17:49 B C:\Documents and Settings\Matt\My Documents\Lindsey Web Site\Caterina.JPG --> ftpmysite.verizon.net / Caterina.JPG
2007.04.04 17:49 B C:\Documents and Settings\Matt\My Documents\Lindsey Web Site\chiesa.tif --> ftpmysite.verizon.net / chiesa.tif
2007.04.04 17:49 B C:\Documents and Settings\Matt\My Documents\Lindsey Web Site\christmas_2005.JPG --> ftpmysite.verizon.net / christmas_2005.JPG
2007.04.04 17:50 B C:\Documents and Settings\Matt\My Documents\Lindsey Web Site\christmas_2005_large.JPG --> ftpmysite.verizon.net / christmas_2005_large.JPG
2007.04.04 17:50 B C:\Documents and Settings\Matt\My Documents\Lindsey Web Site\church.jpg --> ftpmysite.verizon.net / church.jpg
2007.04.04 17:50 B C:\Documents and Settings\Matt\My Documents\Lindsey Web Site\church.tif --> ftpmysite.verizon.net / church.tif
2007.04.04 17:50 B C:\Documents and Settings\Matt\My Documents\Lindsey Web Site\clemency.tif --> ftpmysite.verizon.net / clemency.tif
2007.04.04 17:51 B C:\Documents and Settings\Matt\My Documents\Lindsey Web Site\david_gol.tif --> ftpmysite.verizon.net / david_gol.tif
2007.04.04 17:51 B C:\Documents and Settings\Matt\My Documents\Lindsey Web Site\dining.jpg --> ftpmysite.verizon.net / dining.jpg
2007.04.04 17:51 B C:\Documents and Settings\Matt\My Documents\Lindsey Web Site\door.jpg --> ftpmysite.verizon.net / door.jpg
2007.04.04 17:52 B C:\Documents and Settings\Matt\My Documents\Lindsey Web Site\door.tif --> ftpmysite.verizon.net / door.tif
2007.04.04 17:52 B C:\Documents and Settings\Matt\My Documents\Lindsey Web Site\family.html --> ftpmysite.verizon.net / family.html
2007.04.04 17:52 B C:\Documents and Settings\Matt\My Documents\Lindsey Web Site\family2.bak --> ftpmysite.verizon.net / family2.bak
2007.04.04 17:52 B C:\Documents and Settings\Matt\My Documents\Lindsey Web Site\family2.html --> ftpmysite.verizon.net / family2.html
2007.04.04 17:52 B C:\Documents and Settings\Matt\My Documents\Lindsey Web Site\frog.jpg --> ftpmysite.verizon.net / frog.jpg
2007.04.04 17:52 B C:\Documents and Settings\Matt\My Documents\Lindsey Web Site\from_air.gif --> ftpmysite.verizon.net / from_air.gif
2007.04.04 17:52 B C:\Documents and Settings\Matt\My Documents\Lindsey Web Site\from_air.jpg --> ftpmysite.verizon.net / from_air.jpg
2007.04.04 17:53 B C:\Documents and Settings\Matt\My Documents\Lindsey Web Site\from_air.tif --> ftpmysite.verizon.net / from_air.tif
2007.04.04 17:53 B C:\Documents and Settings\Matt\My Documents\Lindsey Web Site\from_air_behind.tif --> ftpmysite.verizon.net / from_air_behind.tif
2007.04.04 17:53 B C:\Documents and Settings\Matt\My Documents\Lindsey Web Site\from_north.jpg --> ftpmysite.verizon.net / from_north.jpg
2007.04.04 17:53 B C:\Documents and Settings\Matt\My Documents\Lindsey Web Site\from_north.tif --> ftpmysite.verizon.net / from_north.tif
2007.04.04 17:54 B C:\Documents and Settings\Matt\My Documents\Lindsey Web Site\fruit.jpg --> ftpmysite.verizon.net / fruit.jpg
2007.04.04 17:54 B C:\Documents and Settings\Matt\My Documents\Lindsey Web Site\fruit.tif --> ftpmysite.verizon.net / fruit.tif
2007.04.04 17:54 B C:\Documents and Settings\Matt\My Documents\Lindsey Web Site\green_bean.jpg --> ftpmysite.verizon.net / green_bean.jpg
2007.04.04 17:54 B C:\Documents and Settings\Matt\My Documents\Lindsey Web Site\horse.jpg --> ftpmysite.verizon.net / horse.jpg
2007.04.04 17:54 B C:\Documents and Settings\Matt\My Documents\Lindsey Web Site\house.htm --> ftpmysite.verizon.net / house.htm
2007.04.04 17:54 B C:\Documents and Settings\Matt\My Documents\Lindsey Web Site\house.html --> ftpmysite.verizon.net / house.html
2007.04.04 17:54 B C:\Documents and Settings\Matt\My Documents\Lindsey Web Site\index.bak --> ftpmysite.verizon.net / index.bak
2007.04.04 17:54 B C:\Documents and Settings\Matt\My Documents\Lindsey Web Site\index.html --> ftpmysite.verizon.net / index.html
2007.04.04 17:54 B C:\Documents and Settings\Matt\My Documents\Lindsey Web Site\index.html.bak --> ftpmysite.verizon.net / index.html.bak
2007.04.04 17:54 B C:\Documents and Settings\Matt\My Documents\Lindsey Web Site\index.html~ --> ftpmysite.verizon.net / index.html~
2007.04.04 17:54 B C:\Documents and Settings\Matt\My Documents\Lindsey Web Site\index1.html --> ftpmysite.verizon.net / index1.html
2007.04.04 17:54 B C:\Documents and Settings\Matt\My Documents\Lindsey Web Site\index_old.html --> ftpmysite.verizon.net / index_old.html
2007.04.04 17:54 B C:\Documents and Settings\Matt\My Documents\Lindsey Web Site\JimThorpe.jpg --> ftpmysite.verizon.net / JimThorpe.jpg
2007.04.04 17:54 B C:\Documents and Settings\Matt\My Documents\Lindsey Web Site\kamora.jpg --> ftpmysite.verizon.net / kamora.jpg
2007.04.04 17:55 B C:\Documents and Settings\Matt\My Documents\Lindsey Web Site\kamora.tif --> ftpmysite.verizon.net / kamora.tif
2007.04.04 17:55 B C:\Documents and Settings\Matt\My Documents\Lindsey Web Site\larsson.bak --> ftpmysite.verizon.net / larsson.bak
2007.04.04 17:55 B C:\Documents and Settings\Matt\My Documents\Lindsey Web Site\larsson.html --> ftpmysite.verizon.net / larsson.html
2007.04.04 17:55 B C:\Documents and Settings\Matt\My Documents\Lindsey Web Site\larsson.jpg --> ftpmysite.verizon.net / larsson.jpg
2007.04.04 17:55 B C:\Documents and Settings\Matt\My Documents\Lindsey Web Site\larsson.tif --> ftpmysite.verizon.net / larsson.tif
2007.04.04 17:55 B C:\Documents and Settings\Matt\My Documents\Lindsey Web Site\lil_angel.jpg --> ftpmysite.verizon.net / lil_angel.jpg
2007.04.04 17:55 B C:\Documents and Settings\Matt\My Documents\Lindsey Web Site\lil_devil.jpg --> ftpmysite.verizon.net / lil_devil.jpg
2007.04.04 17:55 B C:\Documents and Settings\Matt\My Documents\Lindsey Web Site\living.jpg --> ftpmysite.verizon.net / living.jpg
2007.04.04 17:55 B C:\Documents and Settings\Matt\My Documents\Lindsey Web Site\margone_trento.jpg --> ftpmysite.verizon.net / margone_trento.jpg
2007.04.04 17:56 B C:\Documents and Settings\Matt\My Documents\Lindsey Web Site\margone_trento.tif --> ftpmysite.verizon.net / margone_trento.tif
2007.04.04 17:56 B C:\Documents and Settings\Matt\My Documents\Lindsey Web Site\matt.gif --> ftpmysite.verizon.net / matt.gif
2007.04.04 17:56 B C:\Documents and Settings\Matt\My Documents\Lindsey Web Site\matt.jpg --> ftpmysite.verizon.net / matt.jpg
2007.04.04 17:56 B C:\Documents and Settings\Matt\My Documents\Lindsey Web Site\orchids.html --> ftpmysite.verizon.net / orchids.html
2007.04.04 17:56 B C:\Documents and Settings\Matt\My Documents\Lindsey Web Site\OrchidsHome.jpg --> ftpmysite.verizon.net / OrchidsHome.jpg
2007.04.04 17:57 B C:\Documents and Settings\Matt\My Documents\Lindsey Web Site\pavia.tif --> ftpmysite.verizon.net / pavia.tif
2007.04.04 17:57 B C:\Documents and Settings\Matt\My Documents\Lindsey Web Site\poetry.html --> ftpmysite.verizon.net / poetry.html
2007.04.04 17:57 B C:\Documents and Settings\Matt\My Documents\Lindsey Web Site\resume.bak --> ftpmysite.verizon.net / resume.bak
2007.04.04 17:57 B C:\Documents and Settings\Matt\My Documents\Lindsey Web Site\resume.html --> ftpmysite.verizon.net / resume.html
2007.04.04 17:57 B C:\Documents and Settings\Matt\My Documents\Lindsey Web Site\salvadori.html --> ftpmysite.verizon.net / salvadori.html
2007.04.04 17:57 B C:\Documents and Settings\Matt\My Documents\Lindsey Web Site\salvadori.jpg --> ftpmysite.verizon.net / salvadori.jpg
2007.04.04 17:58 B C:\Documents and Settings\Matt\My Documents\Lindsey Web Site\salvadori.tif --> ftpmysite.verizon.net / salvadori.tif
2007.04.04 17:58 B C:\Documents and Settings\Matt\My Documents\Lindsey Web Site\side.jpg --> ftpmysite.verizon.net / side.jpg
2007.04.04 17:58 B C:\Documents and Settings\Matt\My Documents\Lindsey Web Site\table.jpg --> ftpmysite.verizon.net / table.jpg
2007.04.04 17:58 B C:\Documents and Settings\Matt\My Documents\Lindsey Web Site\table.tif --> ftpmysite.verizon.net / table.tif
2007.04.04 17:58 B C:\Documents and Settings\Matt\My Documents\Lindsey Web Site\Test_Page.html --> ftpmysite.verizon.net / Test_Page.html
2007.04.04 17:59 B C:\Documents and Settings\Matt\My Documents\Lindsey Web Site\Thanksgiving2001Kids.JPG --> ftpmysite.verizon.net / Thanksgiving2001Kids.JPG
2007.04.04 17:59 B C:\Documents and Settings\Matt\My Documents\Lindsey Web Site\Thumbs.db --> ftpmysite.verizon.net / Thumbs.db
2007.04.04 17:59 B C:\Documents and Settings\Matt\My Documents\Lindsey Web Site\Tuscany.html --> ftpmysite.verizon.net / Tuscany.html
2007.04.04 17:59 B C:\Documents and Settings\Matt\My Documents\Lindsey Web Site\val_matt.jpg --> ftpmysite.verizon.net / val_matt.jpg
2007.04.04 17:59 B C:\Documents and Settings\Matt\My Documents\Lindsey Web Site\villa.html --> ftpmysite.verizon.net / villa.html
2007.04.04 17:59 B C:\Documents and Settings\Matt\My Documents\Lindsey Web Site\wedd1.jpg --> ftpmysite.verizon.net / wedd1.jpg
2007.04.04 17:59 B C:\Documents and Settings\Matt\My Documents\Lindsey Web Site\wedd1.tif --> ftpmysite.verizon.net / wedd1.tif
2007.04.04 17:59 B C:\Documents and Settings\Matt\My Documents\Lindsey Web Site\wedd2.jpg --> ftpmysite.verizon.net / wedd2.jpg
2007.04.04 18:00 B C:\Documents and Settings\Matt\My Documents\Lindsey Web Site\wedd2.tif --> ftpmysite.verizon.net / wedd2.tif
2007.04.04 18:00 B C:\Documents and Settings\Matt\My Documents\Lindsey Web Site\wedding.html --> ftpmysite.verizon.net / wedding.html
2007.04.04 18:00 B C:\Documents and Settings\Matt\My Documents\Lindsey Web Site\WS_FTP.LOG --> ftpmysite.verizon.net / WS_FTP.LOG
2007.04.04 18:00 B C:\Documents and Settings\Matt\My Documents\Lindsey Web Site\zio.jpg --> ftpmysite.verizon.net / zio.jpg
2007.04.04 18:00 B C:\Documents and Settings\Matt\My Documents\Lindsey Web Site\zio.tif --> ftpmysite.verizon.net / zio.tif
2007.04.04 18:32 B C:\Documents and Settings\Matt\My Documents\Lindsey Web Site\JimThorpe.jpg --> ftpmysite.verizon.net / JimThorpe.jpg
2007.04.04 18:32 B C:\Documents and Settings\Matt\My Documents\Lindsey Web Site\kamora.jpg --> ftpmysite.verizon.net / kamora.jpg
2007.04.04 18:32 B C:\Documents and Settings\Matt\My Documents\Lindsey Web Site\kamora.tif --> ftpmysite.verizon.net / kamora.tif
2007.04.04 18:32 B C:\Documents and Settings\Matt\My Documents\Lindsey Web Site\larsson.bak --> ftpmysite.verizon.net / larsson.bak
2007.04.04 18:32 B C:\Documents and Settings\Matt\My Documents\Lindsey Web Site\larsson.html --> ftpmysite.verizon.net / larsson.html
2007.04.04 18:32 B C:\Documents and Settings\Matt\My Documents\Lindsey Web Site\larsson.jpg --> ftpmysite.verizon.net / larsson.jpg
2007.04.04 18:33 B C:\Documents and Settings\Matt\My Documents\Lindsey Web Site\larsson.tif --> ftpmysite.verizon.net / larsson.tif
2007.04.04 18:33 B C:\Documents and Settings\Matt\My Documents\Lindsey Web Site\lil_angel.jpg --> ftpmysite.verizon.net / lil_angel.jpg
2007.04.04 18:33 B C:\Documents and Settings\Matt\My Documents\Lindsey Web Site\lil_devil.jpg --> ftpmysite.verizon.net / lil_devil.jpg
2007.04.04 18:33 B C:\Documents and Settings\Matt\My Documents\Lindsey Web Site\living.jpg --> ftpmysite.verizon.net / living.jpg
2007.04.04 18:33 B C:\Documents and Settings\Matt\My Documents\Lindsey Web Site\margone_trento.jpg --> ftpmysite.verizon.net / margone_trento.jpg
2007.04.04 18:34 B C:\Documents and Settings\Matt\My Documents\Lindsey Web Site\margone_trento.tif --> ftpmysite.verizon.net / margone_trento.tif
2007.04.04 18:34 B C:\Documents and Settings\Matt\My Documents\Lindsey Web Site\matt.gif --> ftpmysite.verizon.net / matt.gif
2007.04.04 18:34 B C:\Documents and Settings\Matt\My Documents\Lindsey Web Site\matt.jpg --> ftpmysite.verizon.net / matt.jpg
2007.04.04 18:34 B C:\Documents and Settings\Matt\My Documents\Lindsey Web Site\orchids.html --> ftpmysite.verizon.net / orchids.html
2007.04.04 18:34 B C:\Documents and Settings\Matt\My Documents\Lindsey Web Site\OrchidsHome.jpg --> ftpmysite.verizon.net / OrchidsHome.jpg
2007.04.04 18:34 B C:\Documents and Settings\Matt\My Documents\Lindsey Web Site\pavia.tif --> ftpmysite.verizon.net / pavia.tif
2007.04.04 18:34 B C:\Documents and Settings\Matt\My Documents\Lindsey Web Site\poetry.html --> ftpmysite.verizon.net / poetry.html
2007.04.04 18:34 B C:\Documents and Settings\Matt\My Documents\Lindsey Web Site\resume.bak --> ftpmysite.verizon.net / resume.bak
2007.04.04 18:34 B C:\Documents and Settings\Matt\My Documents\Lindsey Web Site\resume.html --> ftpmysite.verizon.net / resume.html
2007.04.04 18:34 B C:\Documents and Settings\Matt\My Documents\Lindsey Web Site\salvadori.html --> ftpmysite.verizon.net / salvadori.html
2007.04.04 18:35 B C:\Documents and Settings\Matt\My Documents\Lindsey Web Site\salvadori.jpg --> ftpmysite.verizon.net / salvadori.jpg
2007.04.04 18:35 B C:\Documents and Settings\Matt\My Documents\Lindsey Web Site\salvadori.tif --> ftpmysite.verizon.net / salvadori.tif
2007.04.04 18:35 B C:\Documents and Settings\Matt\My Documents\Lindsey Web Site\side.jpg --> ftpmysite.verizon.net / side.jpg
2007.04.04 18:35 B C:\Documents and Settings\Matt\My Documents\Lindsey Web Site\table.jpg --> ftpmysite.verizon.net / table.jpg
2007.04.04 18:36 B C:\Documents and Settings\Matt\My Documents\Lindsey Web Site\table.tif --> ftpmysite.verizon.net / table.tif
2007.04.04 18:36 B C:\Documents and Settings\Matt\My Documents\Lindsey Web Site\Thanksgiving2001Kids.JPG --> ftpmysite.verizon.net / Thanksgiving2001Kids.JPG
2007.04.04 18:36 B C:\Documents and Settings\Matt\My Documents\Lindsey Web Site\Thumbs.db --> ftpmysite.verizon.net / Thumbs.db
2007.04.04 18:36 B C:\Documents and Settings\Matt\My Documents\Lindsey Web Site\Tuscany.html --> ftpmysite.verizon.net / Tuscany.html
2007.04.04 18:37 B C:\Documents and Settings\Matt\My Documents\Lindsey Web Site\val_matt.jpg --> ftpmysite.verizon.net / val_matt.jpg
2007.04.04 18:39 B C:\Documents and Settings\Matt\My Documents\Lindsey Web Site\villa.html --> ftpmysite.verizon.net / villa.html
2007.04.04 18:44 B C:\Documents and Settings\Matt\My Documents\Lindsey Web Site\wedd1.jpg --> ftpmysite.verizon.net / wedd1.jpg
2007.04.04 18:45 B C:\Documents and Settings\Matt\My Documents\Lindsey Web Site\wedd2.jpg --> ftpmysite.verizon.net / wedd2.jpg
2007.04.04 18:45 B C:\Documents and Settings\Matt\My Documents\Lindsey Web Site\wedding.html --> ftpmysite.verizon.net / wedding.html
2007.04.04 18:45 B C:\Documents and Settings\Matt\My Documents\Lindsey Web Site\zio.jpg --> ftpmysite.verizon.net / zio.jpg
2007.04.04 21:16 B C:\Documents and Settings\Matt\My Documents\Lindsey Web Site\index.html --> ftpmysite.verizon.net / index.html
